<?xml version="1.0" encoding="UTF-8"?>
<testsuite xmlns:xsi="http://www.w3.org/2001/XMLSchema-instance" xsi:noNamespaceSchemaLocation="https://maven.apache.org/surefire/maven-surefire-plugin/xsd/surefire-test-report-3.0.xsd" version="3.0" name="com.blackout.game.GameFlowIntegrationTest" time="6.068" tests="6" errors="0" skipped="0" failures="0">
  <properties>
[...]
</properties>
  <testcase name="fieldToolsBehave" classname="com.blackout.game.GameFlowIntegrationTest" time="2.403">
    <system-out><![CDATA[23:51:58.955 [main] INFO org.springframework.test.context.support.AnnotationConfigContextLoaderUtils -- Could not detect default configuration classes for test class [com.blackout.game.GameFlowIntegrationTest]: GameFlowIntegrationTest does not declare any static, non-private, non-final, nested classes annotated with @Configuration.
23:51:59.130 [main] INFO org.springframework.boot.test.context.SpringBootTestContextBootstrapper -- Found @SpringBootConfiguration com.blackout.BlackoutServerApplication for test class com.blackout.game.GameFlowIntegrationTest
23:51:59 INFO  Starting GameFlowIntegrationTest using Java 21.0.11 with PID 712516 (started by akriti in /home/akriti/Documents/blackout-game)
23:51:59 INFO  No active profile set, falling back to 1 default profile: "default"
23:52:01 INFO  Adding welcome page: class path resource [static/index.html]
23:52:01 INFO  Initializing Spring TestDispatcherServlet ''
23:52:01 INFO  Initializing Servlet ''
23:52:01 INFO  Completed initialization in 2 ms
23:52:01 INFO  Started GameFlowIntegrationTest in 2.524 seconds (process running for 3.946)
]]></system-out>
    <system-err><![CDATA[WARNING: A Java agent has been loaded dynamically (/home/akriti/.m2/repository/net/bytebuddy/byte-buddy-agent/1.14.19/byte-buddy-agent-1.14.19.jar)
WARNING: If a serviceability tool is in use, please run with -XX:+EnableDynamicAgentLoading to hide this warning
WARNING: If a serviceability tool is not in use, please run with -Djdk.instrument.traceUsage for more information
WARNING: Dynamic loading of agents will be disallowed by default in a future release
]]></system-err>
  </testcase>
  <testcase name="secretDropChain" classname="com.blackout.game.GameFlowIntegrationTest" time="0.326">
    <system-out><![CDATA[23:52:04 INFO  [ENLIST] new agent 'NAKED-AGENT' joins the network
23:52:04 INFO  [ENLIST] new agent 'DROP-AGENT' joins the network
23:52:04 INFO  [BADGE] agent 'DROP-AGENT' registered an RSA-2048 public badge
23:52:04 INFO  [MISSION] 'DROP-AGENT' issued SECRET_DROP token=e4bf4957...
23:52:04 INFO  [SOLVED] 'DROP-AGENT' cleared SECRET_DROP (+25 pts)
]]></system-out>
  </testcase>
  <testcase name="tamperHunt" classname="com.blackout.game.GameFlowIntegrationTest" time="0.036">
    <system-out><![CDATA[23:52:04 INFO  [ENLIST] new agent 'HUNT-AGENT' joins the network
23:52:04 INFO  [MISSION] 'HUNT-AGENT' issued TAMPER_HUNT token=ab892547...
23:52:04 INFO  [SOLVED] 'HUNT-AGENT' cleared TAMPER_HUNT (+20 pts)
]]></system-out>
  </testcase>
  <testcase name="sealIntelScoring" classname="com.blackout.game.GameFlowIntegrationTest" time="0.031">
    <system-out><![CDATA[23:52:04 INFO  [ENLIST] new agent 'SEAL-AGENT' joins the network
23:52:04 INFO  [MISSION] 'SEAL-AGENT' issued SEAL_INTEL token=ea6db698...
23:52:04 INFO  [MISSED] 'SEAL-AGENT' failed SEAL_INTEL
23:52:04 INFO  [MISSION] 'SEAL-AGENT' issued SEAL_INTEL token=68918eb4...
23:52:04 INFO  [SOLVED] 'SEAL-AGENT' cleared SEAL_INTEL (+10 pts)
]]></system-out>
  </testcase>
  <testcase name="leaderboardOrdersByScore" classname="com.blackout.game.GameFlowIntegrationTest" time="0.019">
    <system-out><![CDATA[23:52:04 INFO  [ENLIST] new agent 'BOARD-AGENT' joins the network
]]></system-out>
  </testcase>
  <testcase name="enlistCreatesDossier" classname="com.blackout.game.GameFlowIntegrationTest" time="0.06">
    <system-out><![CDATA[23:52:04 INFO  [ENLIST] new agent 'ROOKIE-TESTER' joins the network
]]></system-out>
  </testcase>
</testsuite>